Start testing: Mar 21 00:16 CDT
----------------------------------------------------------
1/26 Testing: Membership.AddAndQuery
1/26 Test: Membership.AddAndQuery
Command: "/Users/nhatminh/dev/active/logic/logic_execution_engine/build/run_tests" "--gtest_filter=Membership.AddAndQuery" "--gtest_also_run_disabled_tests"
Directory: /Users/nhatminh/dev/active/logic/logic_execution_engine/build
"Membership.AddAndQuery" start time: Mar 21 00:16 CDT
Output:
----------------------------------------------------------
Running main() from /tmp/googletest-20230121-34747-3923fy/googletest-1.13.0/googletest/src/gtest_main.cc
Note: Google Test filter = Membership.AddAndQuery
[==========] Running 1 test from 1 test suite.
[----------] Global test environment set-up.
[----------] 1 test from Membership
[ RUN      ] Membership.AddAndQuery
[       OK ] Membership.AddAndQuery (0 ms)
[----------] 1 test from Membership (0 ms total)

[----------] Global test environment tear-down
[==========] 1 test from 1 test suite ran. (0 ms total)
[  PASSED  ] 1 test.
<end of output>
Test time =   0.00 sec
----------------------------------------------------------
Test Passed.
"Membership.AddAndQuery" end time: Mar 21 00:16 CDT
"Membership.AddAndQuery" time elapsed: 00:00:00
----------------------------------------------------------

2/26 Testing: Membership.SetsOfQuery
2/26 Test: Membership.SetsOfQuery
Command: "/Users/nhatminh/dev/active/logic/logic_execution_engine/build/run_tests" "--gtest_filter=Membership.SetsOfQuery" "--gtest_also_run_disabled_tests"
Directory: /Users/nhatminh/dev/active/logic/logic_execution_engine/build
"Membership.SetsOfQuery" start time: Mar 21 00:16 CDT
Output:
----------------------------------------------------------
Running main() from /tmp/googletest-20230121-34747-3923fy/googletest-1.13.0/googletest/src/gtest_main.cc
Note: Google Test filter = Membership.SetsOfQuery
[==========] Running 1 test from 1 test suite.
[----------] Global test environment set-up.
[----------] 1 test from Membership
[ RUN      ] Membership.SetsOfQuery
[       OK ] Membership.SetsOfQuery (0 ms)
[----------] 1 test from Membership (0 ms total)

[----------] Global test environment tear-down
[==========] 1 test from 1 test suite ran. (0 ms total)
[  PASSED  ] 1 test.
<end of output>
Test time =   0.02 sec
----------------------------------------------------------
Test Passed.
"Membership.SetsOfQuery" end time: Mar 21 00:16 CDT
"Membership.SetsOfQuery" time elapsed: 00:00:00
----------------------------------------------------------

3/26 Testing: Membership.MembersOfQuery
3/26 Test: Membership.MembersOfQuery
Command: "/Users/nhatminh/dev/active/logic/logic_execution_engine/build/run_tests" "--gtest_filter=Membership.MembersOfQuery" "--gtest_also_run_disabled_tests"
Directory: /Users/nhatminh/dev/active/logic/logic_execution_engine/build
"Membership.MembersOfQuery" start time: Mar 21 00:16 CDT
Output:
----------------------------------------------------------
Running main() from /tmp/googletest-20230121-34747-3923fy/googletest-1.13.0/googletest/src/gtest_main.cc
Note: Google Test filter = Membership.MembersOfQuery
[==========] Running 1 test from 1 test suite.
[----------] Global test environment set-up.
[----------] 1 test from Membership
[ RUN      ] Membership.MembersOfQuery
[       OK ] Membership.MembersOfQuery (0 ms)
[----------] 1 test from Membership (0 ms total)

[----------] Global test environment tear-down
[==========] 1 test from 1 test suite ran. (0 ms total)
[  PASSED  ] 1 test.
<end of output>
Test time =   0.00 sec
----------------------------------------------------------
Test Passed.
"Membership.MembersOfQuery" end time: Mar 21 00:16 CDT
"Membership.MembersOfQuery" time elapsed: 00:00:00
----------------------------------------------------------

4/26 Testing: Membership.Intersect
4/26 Test: Membership.Intersect
Command: "/Users/nhatminh/dev/active/logic/logic_execution_engine/build/run_tests" "--gtest_filter=Membership.Intersect" "--gtest_also_run_disabled_tests"
Directory: /Users/nhatminh/dev/active/logic/logic_execution_engine/build
"Membership.Intersect" start time: Mar 21 00:16 CDT
Output:
----------------------------------------------------------
Running main() from /tmp/googletest-20230121-34747-3923fy/googletest-1.13.0/googletest/src/gtest_main.cc
Note: Google Test filter = Membership.Intersect
[==========] Running 1 test from 1 test suite.
[----------] Global test environment set-up.
[----------] 1 test from Membership
[ RUN      ] Membership.Intersect
[       OK ] Membership.Intersect (0 ms)
[----------] 1 test from Membership (0 ms total)

[----------] Global test environment tear-down
[==========] 1 test from 1 test suite ran. (0 ms total)
[  PASSED  ] 1 test.
<end of output>
Test time =   0.01 sec
----------------------------------------------------------
Test Passed.
"Membership.Intersect" end time: Mar 21 00:16 CDT
"Membership.Intersect" time elapsed: 00:00:00
----------------------------------------------------------

5/26 Testing: Membership.Union
5/26 Test: Membership.Union
Command: "/Users/nhatminh/dev/active/logic/logic_execution_engine/build/run_tests" "--gtest_filter=Membership.Union" "--gtest_also_run_disabled_tests"
Directory: /Users/nhatminh/dev/active/logic/logic_execution_engine/build
"Membership.Union" start time: Mar 21 00:16 CDT
Output:
----------------------------------------------------------
Running main() from /tmp/googletest-20230121-34747-3923fy/googletest-1.13.0/googletest/src/gtest_main.cc
Note: Google Test filter = Membership.Union
[==========] Running 1 test from 1 test suite.
[----------] Global test environment set-up.
[----------] 1 test from Membership
[ RUN      ] Membership.Union
[       OK ] Membership.Union (0 ms)
[----------] 1 test from Membership (0 ms total)

[----------] Global test environment tear-down
[==========] 1 test from 1 test suite ran. (0 ms total)
[  PASSED  ] 1 test.
<end of output>
Test time =   0.00 sec
----------------------------------------------------------
Test Passed.
"Membership.Union" end time: Mar 21 00:16 CDT
"Membership.Union" time elapsed: 00:00:00
----------------------------------------------------------

6/26 Testing: Membership.Difference
6/26 Test: Membership.Difference
Command: "/Users/nhatminh/dev/active/logic/logic_execution_engine/build/run_tests" "--gtest_filter=Membership.Difference" "--gtest_also_run_disabled_tests"
Directory: /Users/nhatminh/dev/active/logic/logic_execution_engine/build
"Membership.Difference" start time: Mar 21 00:16 CDT
Output:
----------------------------------------------------------
Running main() from /tmp/googletest-20230121-34747-3923fy/googletest-1.13.0/googletest/src/gtest_main.cc
Note: Google Test filter = Membership.Difference
[==========] Running 1 test from 1 test suite.
[----------] Global test environment set-up.
[----------] 1 test from Membership
[ RUN      ] Membership.Difference
[       OK ] Membership.Difference (0 ms)
[----------] 1 test from Membership (0 ms total)

[----------] Global test environment tear-down
[==========] 1 test from 1 test suite ran. (0 ms total)
[  PASSED  ] 1 test.
<end of output>
Test time =   0.00 sec
----------------------------------------------------------
Test Passed.
"Membership.Difference" end time: Mar 21 00:16 CDT
"Membership.Difference" time elapsed: 00:00:00
----------------------------------------------------------

7/26 Testing: Membership.TypesAreSets
7/26 Test: Membership.TypesAreSets
Command: "/Users/nhatminh/dev/active/logic/logic_execution_engine/build/run_tests" "--gtest_filter=Membership.TypesAreSets" "--gtest_also_run_disabled_tests"
Directory: /Users/nhatminh/dev/active/logic/logic_execution_engine/build
"Membership.TypesAreSets" start time: Mar 21 00:16 CDT
Output:
----------------------------------------------------------
Running main() from /tmp/googletest-20230121-34747-3923fy/googletest-1.13.0/googletest/src/gtest_main.cc
Note: Google Test filter = Membership.TypesAreSets
[==========] Running 1 test from 1 test suite.
[----------] Global test environment set-up.
[----------] 1 test from Membership
[ RUN      ] Membership.TypesAreSets
[       OK ] Membership.TypesAreSets (0 ms)
[----------] 1 test from Membership (0 ms total)

[----------] Global test environment tear-down
[==========] 1 test from 1 test suite ran. (0 ms total)
[  PASSED  ] 1 test.
<end of output>
Test time =   0.00 sec
----------------------------------------------------------
Test Passed.
"Membership.TypesAreSets" end time: Mar 21 00:16 CDT
"Membership.TypesAreSets" time elapsed: 00:00:00
----------------------------------------------------------

8/26 Testing: Membership.TernaryMatrix
8/26 Test: Membership.TernaryMatrix
Command: "/Users/nhatminh/dev/active/logic/logic_execution_engine/build/run_tests" "--gtest_filter=Membership.TernaryMatrix" "--gtest_also_run_disabled_tests"
Directory: /Users/nhatminh/dev/active/logic/logic_execution_engine/build
"Membership.TernaryMatrix" start time: Mar 21 00:16 CDT
Output:
----------------------------------------------------------
Running main() from /tmp/googletest-20230121-34747-3923fy/googletest-1.13.0/googletest/src/gtest_main.cc
Note: Google Test filter = Membership.TernaryMatrix
[==========] Running 1 test from 1 test suite.
[----------] Global test environment set-up.
[----------] 1 test from Membership
[ RUN      ] Membership.TernaryMatrix
[       OK ] Membership.TernaryMatrix (0 ms)
[----------] 1 test from Membership (0 ms total)

[----------] Global test environment tear-down
[==========] 1 test from 1 test suite ran. (0 ms total)
[  PASSED  ] 1 test.
<end of output>
Test time =   0.00 sec
----------------------------------------------------------
Test Passed.
"Membership.TernaryMatrix" end time: Mar 21 00:16 CDT
"Membership.TernaryMatrix" time elapsed: 00:00:00
----------------------------------------------------------

9/26 Testing: Obligations.SingleStepEvaluation
9/26 Test: Obligations.SingleStepEvaluation
Command: "/Users/nhatminh/dev/active/logic/logic_execution_engine/build/run_tests" "--gtest_filter=Obligations.SingleStepEvaluation" "--gtest_also_run_disabled_tests"
Directory: /Users/nhatminh/dev/active/logic/logic_execution_engine/build
"Obligations.SingleStepEvaluation" start time: Mar 21 00:16 CDT
Output:
----------------------------------------------------------
Running main() from /tmp/googletest-20230121-34747-3923fy/googletest-1.13.0/googletest/src/gtest_main.cc
Note: Google Test filter = Obligations.SingleStepEvaluation
[==========] Running 1 test from 1 test suite.
[----------] Global test environment set-up.
[----------] 1 test from Obligations
[ RUN      ] Obligations.SingleStepEvaluation
[       OK ] Obligations.SingleStepEvaluation (0 ms)
[----------] 1 test from Obligations (0 ms total)

[----------] Global test environment tear-down
[==========] 1 test from 1 test suite ran. (0 ms total)
[  PASSED  ] 1 test.
<end of output>
Test time =   0.00 sec
----------------------------------------------------------
Test Passed.
"Obligations.SingleStepEvaluation" end time: Mar 21 00:16 CDT
"Obligations.SingleStepEvaluation" time elapsed: 00:00:00
----------------------------------------------------------

10/26 Testing: Obligations.ActivationMaterializesFacts
10/26 Test: Obligations.ActivationMaterializesFacts
Command: "/Users/nhatminh/dev/active/logic/logic_execution_engine/build/run_tests" "--gtest_filter=Obligations.ActivationMaterializesFacts" "--gtest_also_run_disabled_tests"
Directory: /Users/nhatminh/dev/active/logic/logic_execution_engine/build
"Obligations.ActivationMaterializesFacts" start time: Mar 21 00:16 CDT
Output:
----------------------------------------------------------
Running main() from /tmp/googletest-20230121-34747-3923fy/googletest-1.13.0/googletest/src/gtest_main.cc
Note: Google Test filter = Obligations.ActivationMaterializesFacts
[==========] Running 1 test from 1 test suite.
[----------] Global test environment set-up.
[----------] 1 test from Obligations
[ RUN      ] Obligations.ActivationMaterializesFacts
[       OK ] Obligations.ActivationMaterializesFacts (0 ms)
[----------] 1 test from Obligations (0 ms total)

[----------] Global test environment tear-down
[==========] 1 test from 1 test suite ran. (0 ms total)
[  PASSED  ] 1 test.
<end of output>
Test time =   0.00 sec
----------------------------------------------------------
Test Passed.
"Obligations.ActivationMaterializesFacts" end time: Mar 21 00:16 CDT
"Obligations.ActivationMaterializesFacts" time elapsed: 00:00:00
----------------------------------------------------------

11/26 Testing: Obligations.Chaining
11/26 Test: Obligations.Chaining
Command: "/Users/nhatminh/dev/active/logic/logic_execution_engine/build/run_tests" "--gtest_filter=Obligations.Chaining" "--gtest_also_run_disabled_tests"
Directory: /Users/nhatminh/dev/active/logic/logic_execution_engine/build
"Obligations.Chaining" start time: Mar 21 00:16 CDT
Output:
----------------------------------------------------------
Running main() from /tmp/googletest-20230121-34747-3923fy/googletest-1.13.0/googletest/src/gtest_main.cc
Note: Google Test filter = Obligations.Chaining
[==========] Running 1 test from 1 test suite.
[----------] Global test environment set-up.
[----------] 1 test from Obligations
[ RUN      ] Obligations.Chaining
[       OK ] Obligations.Chaining (0 ms)
[----------] 1 test from Obligations (0 ms total)

[----------] Global test environment tear-down
[==========] 1 test from 1 test suite ran. (0 ms total)
[  PASSED  ] 1 test.
<end of output>
Test time =   0.00 sec
----------------------------------------------------------
Test Passed.
"Obligations.Chaining" end time: Mar 21 00:16 CDT
"Obligations.Chaining" time elapsed: 00:00:00
----------------------------------------------------------

12/26 Testing: Obligations.CompoundAND
12/26 Test: Obligations.CompoundAND
Command: "/Users/nhatminh/dev/active/logic/logic_execution_engine/build/run_tests" "--gtest_filter=Obligations.CompoundAND" "--gtest_also_run_disabled_tests"
Directory: /Users/nhatminh/dev/active/logic/logic_execution_engine/build
"Obligations.CompoundAND" start time: Mar 21 00:16 CDT
Output:
----------------------------------------------------------
Running main() from /tmp/googletest-20230121-34747-3923fy/googletest-1.13.0/googletest/src/gtest_main.cc
Note: Google Test filter = Obligations.CompoundAND
[==========] Running 1 test from 1 test suite.
[----------] Global test environment set-up.
[----------] 1 test from Obligations
[ RUN      ] Obligations.CompoundAND
[       OK ] Obligations.CompoundAND (0 ms)
[----------] 1 test from Obligations (0 ms total)

[----------] Global test environment tear-down
[==========] 1 test from 1 test suite ran. (0 ms total)
[  PASSED  ] 1 test.
<end of output>
Test time =   0.00 sec
----------------------------------------------------------
Test Passed.
"Obligations.CompoundAND" end time: Mar 21 00:16 CDT
"Obligations.CompoundAND" time elapsed: 00:00:00
----------------------------------------------------------

13/26 Testing: Obligations.NotMaterialization
13/26 Test: Obligations.NotMaterialization
Command: "/Users/nhatminh/dev/active/logic/logic_execution_engine/build/run_tests" "--gtest_filter=Obligations.NotMaterialization" "--gtest_also_run_disabled_tests"
Directory: /Users/nhatminh/dev/active/logic/logic_execution_engine/build
"Obligations.NotMaterialization" start time: Mar 21 00:16 CDT
Output:
----------------------------------------------------------
Running main() from /tmp/googletest-20230121-34747-3923fy/googletest-1.13.0/googletest/src/gtest_main.cc
Note: Google Test filter = Obligations.NotMaterialization
[==========] Running 1 test from 1 test suite.
[----------] Global test environment set-up.
[----------] 1 test from Obligations
[ RUN      ] Obligations.NotMaterialization
[       OK ] Obligations.NotMaterialization (0 ms)
[----------] 1 test from Obligations (0 ms total)

[----------] Global test environment tear-down
[==========] 1 test from 1 test suite ran. (0 ms total)
[  PASSED  ] 1 test.
<end of output>
Test time =   0.00 sec
----------------------------------------------------------
Test Passed.
"Obligations.NotMaterialization" end time: Mar 21 00:16 CDT
"Obligations.NotMaterialization" time elapsed: 00:00:00
----------------------------------------------------------

14/26 Testing: Obligations.OrMaterialization
14/26 Test: Obligations.OrMaterialization
Command: "/Users/nhatminh/dev/active/logic/logic_execution_engine/build/run_tests" "--gtest_filter=Obligations.OrMaterialization" "--gtest_also_run_disabled_tests"
Directory: /Users/nhatminh/dev/active/logic/logic_execution_engine/build
"Obligations.OrMaterialization" start time: Mar 21 00:16 CDT
Output:
----------------------------------------------------------
Running main() from /tmp/googletest-20230121-34747-3923fy/googletest-1.13.0/googletest/src/gtest_main.cc
Note: Google Test filter = Obligations.OrMaterialization
[==========] Running 1 test from 1 test suite.
[----------] Global test environment set-up.
[----------] 1 test from Obligations
[ RUN      ] Obligations.OrMaterialization
[       OK ] Obligations.OrMaterialization (0 ms)
[----------] 1 test from Obligations (0 ms total)

[----------] Global test environment tear-down
[==========] 1 test from 1 test suite ran. (0 ms total)
[  PASSED  ] 1 test.
<end of output>
Test time =   0.00 sec
----------------------------------------------------------
Test Passed.
"Obligations.OrMaterialization" end time: Mar 21 00:16 CDT
"Obligations.OrMaterialization" time elapsed: 00:00:00
----------------------------------------------------------

15/26 Testing: AstConnectives.AND
15/26 Test: AstConnectives.AND
Command: "/Users/nhatminh/dev/active/logic/logic_execution_engine/build/run_tests" "--gtest_filter=AstConnectives.AND" "--gtest_also_run_disabled_tests"
Directory: /Users/nhatminh/dev/active/logic/logic_execution_engine/build
"AstConnectives.AND" start time: Mar 21 00:16 CDT
Output:
----------------------------------------------------------
Running main() from /tmp/googletest-20230121-34747-3923fy/googletest-1.13.0/googletest/src/gtest_main.cc
Note: Google Test filter = AstConnectives.AND
[==========] Running 1 test from 1 test suite.
[----------] Global test environment set-up.
[----------] 1 test from AstConnectives
[ RUN      ] AstConnectives.AND
[       OK ] AstConnectives.AND (0 ms)
[----------] 1 test from AstConnectives (0 ms total)

[----------] Global test environment tear-down
[==========] 1 test from 1 test suite ran. (0 ms total)
[  PASSED  ] 1 test.
<end of output>
Test time =   0.00 sec
----------------------------------------------------------
Test Passed.
"AstConnectives.AND" end time: Mar 21 00:16 CDT
"AstConnectives.AND" time elapsed: 00:00:00
----------------------------------------------------------

16/26 Testing: AstConnectives.OR
16/26 Test: AstConnectives.OR
Command: "/Users/nhatminh/dev/active/logic/logic_execution_engine/build/run_tests" "--gtest_filter=AstConnectives.OR" "--gtest_also_run_disabled_tests"
Directory: /Users/nhatminh/dev/active/logic/logic_execution_engine/build
"AstConnectives.OR" start time: Mar 21 00:16 CDT
Output:
----------------------------------------------------------
Running main() from /tmp/googletest-20230121-34747-3923fy/googletest-1.13.0/googletest/src/gtest_main.cc
Note: Google Test filter = AstConnectives.OR
[==========] Running 1 test from 1 test suite.
[----------] Global test environment set-up.
[----------] 1 test from AstConnectives
[ RUN      ] AstConnectives.OR
[       OK ] AstConnectives.OR (0 ms)
[----------] 1 test from AstConnectives (0 ms total)

[----------] Global test environment tear-down
[==========] 1 test from 1 test suite ran. (0 ms total)
[  PASSED  ] 1 test.
<end of output>
Test time =   0.00 sec
----------------------------------------------------------
Test Passed.
"AstConnectives.OR" end time: Mar 21 00:16 CDT
"AstConnectives.OR" time elapsed: 00:00:00
----------------------------------------------------------

17/26 Testing: AstConnectives.NOT
17/26 Test: AstConnectives.NOT
Command: "/Users/nhatminh/dev/active/logic/logic_execution_engine/build/run_tests" "--gtest_filter=AstConnectives.NOT" "--gtest_also_run_disabled_tests"
Directory: /Users/nhatminh/dev/active/logic/logic_execution_engine/build
"AstConnectives.NOT" start time: Mar 21 00:16 CDT
Output:
----------------------------------------------------------
Running main() from /tmp/googletest-20230121-34747-3923fy/googletest-1.13.0/googletest/src/gtest_main.cc
Note: Google Test filter = AstConnectives.NOT
[==========] Running 1 test from 1 test suite.
[----------] Global test environment set-up.
[----------] 1 test from AstConnectives
[ RUN      ] AstConnectives.NOT
[       OK ] AstConnectives.NOT (0 ms)
[----------] 1 test from AstConnectives (0 ms total)

[----------] Global test environment tear-down
[==========] 1 test from 1 test suite ran. (0 ms total)
[  PASSED  ] 1 test.
<end of output>
Test time =   0.00 sec
----------------------------------------------------------
Test Passed.
"AstConnectives.NOT" end time: Mar 21 00:16 CDT
"AstConnectives.NOT" time elapsed: 00:00:00
----------------------------------------------------------

18/26 Testing: AstConnectives.IMPLIES_VacuouslyTrue
18/26 Test: AstConnectives.IMPLIES_VacuouslyTrue
Command: "/Users/nhatminh/dev/active/logic/logic_execution_engine/build/run_tests" "--gtest_filter=AstConnectives.IMPLIES_VacuouslyTrue" "--gtest_also_run_disabled_tests"
Directory: /Users/nhatminh/dev/active/logic/logic_execution_engine/build
"AstConnectives.IMPLIES_VacuouslyTrue" start time: Mar 21 00:16 CDT
Output:
----------------------------------------------------------
Running main() from /tmp/googletest-20230121-34747-3923fy/googletest-1.13.0/googletest/src/gtest_main.cc
Note: Google Test filter = AstConnectives.IMPLIES_VacuouslyTrue
[==========] Running 1 test from 1 test suite.
[----------] Global test environment set-up.
[----------] 1 test from AstConnectives
[ RUN      ] AstConnectives.IMPLIES_VacuouslyTrue
[       OK ] AstConnectives.IMPLIES_VacuouslyTrue (0 ms)
[----------] 1 test from AstConnectives (0 ms total)

[----------] Global test environment tear-down
[==========] 1 test from 1 test suite ran. (0 ms total)
[  PASSED  ] 1 test.
<end of output>
Test time =   0.00 sec
----------------------------------------------------------
Test Passed.
"AstConnectives.IMPLIES_VacuouslyTrue" end time: Mar 21 00:16 CDT
"AstConnectives.IMPLIES_VacuouslyTrue" time elapsed: 00:00:00
----------------------------------------------------------

19/26 Testing: AstConnectives.IMPLIES_TrueToFalse
19/26 Test: AstConnectives.IMPLIES_TrueToFalse
Command: "/Users/nhatminh/dev/active/logic/logic_execution_engine/build/run_tests" "--gtest_filter=AstConnectives.IMPLIES_TrueToFalse" "--gtest_also_run_disabled_tests"
Directory: /Users/nhatminh/dev/active/logic/logic_execution_engine/build
"AstConnectives.IMPLIES_TrueToFalse" start time: Mar 21 00:16 CDT
Output:
----------------------------------------------------------
Running main() from /tmp/googletest-20230121-34747-3923fy/googletest-1.13.0/googletest/src/gtest_main.cc
Note: Google Test filter = AstConnectives.IMPLIES_TrueToFalse
[==========] Running 1 test from 1 test suite.
[----------] Global test environment set-up.
[----------] 1 test from AstConnectives
[ RUN      ] AstConnectives.IMPLIES_TrueToFalse
[       OK ] AstConnectives.IMPLIES_TrueToFalse (0 ms)
[----------] 1 test from AstConnectives (0 ms total)

[----------] Global test environment tear-down
[==========] 1 test from 1 test suite ran. (0 ms total)
[  PASSED  ] 1 test.
<end of output>
Test time =   0.00 sec
----------------------------------------------------------
Test Passed.
"AstConnectives.IMPLIES_TrueToFalse" end time: Mar 21 00:16 CDT
"AstConnectives.IMPLIES_TrueToFalse" time elapsed: 00:00:00
----------------------------------------------------------

20/26 Testing: AstQuantifiers.ForAllFalse
20/26 Test: AstQuantifiers.ForAllFalse
Command: "/Users/nhatminh/dev/active/logic/logic_execution_engine/build/run_tests" "--gtest_filter=AstQuantifiers.ForAllFalse" "--gtest_also_run_disabled_tests"
Directory: /Users/nhatminh/dev/active/logic/logic_execution_engine/build
"AstQuantifiers.ForAllFalse" start time: Mar 21 00:16 CDT
Output:
----------------------------------------------------------
Running main() from /tmp/googletest-20230121-34747-3923fy/googletest-1.13.0/googletest/src/gtest_main.cc
Note: Google Test filter = AstQuantifiers.ForAllFalse
[==========] Running 1 test from 1 test suite.
[----------] Global test environment set-up.
[----------] 1 test from AstQuantifiers
[ RUN      ] AstQuantifiers.ForAllFalse
[       OK ] AstQuantifiers.ForAllFalse (0 ms)
[----------] 1 test from AstQuantifiers (0 ms total)

[----------] Global test environment tear-down
[==========] 1 test from 1 test suite ran. (0 ms total)
[  PASSED  ] 1 test.
<end of output>
Test time =   0.00 sec
----------------------------------------------------------
Test Passed.
"AstQuantifiers.ForAllFalse" end time: Mar 21 00:16 CDT
"AstQuantifiers.ForAllFalse" time elapsed: 00:00:00
----------------------------------------------------------

21/26 Testing: AstQuantifiers.ForAllTrue
21/26 Test: AstQuantifiers.ForAllTrue
Command: "/Users/nhatminh/dev/active/logic/logic_execution_engine/build/run_tests" "--gtest_filter=AstQuantifiers.ForAllTrue" "--gtest_also_run_disabled_tests"
Directory: /Users/nhatminh/dev/active/logic/logic_execution_engine/build
"AstQuantifiers.ForAllTrue" start time: Mar 21 00:16 CDT
Output:
----------------------------------------------------------
Running main() from /tmp/googletest-20230121-34747-3923fy/googletest-1.13.0/googletest/src/gtest_main.cc
Note: Google Test filter = AstQuantifiers.ForAllTrue
[==========] Running 1 test from 1 test suite.
[----------] Global test environment set-up.
[----------] 1 test from AstQuantifiers
[ RUN      ] AstQuantifiers.ForAllTrue
[       OK ] AstQuantifiers.ForAllTrue (0 ms)
[----------] 1 test from AstQuantifiers (0 ms total)

[----------] Global test environment tear-down
[==========] 1 test from 1 test suite ran. (0 ms total)
[  PASSED  ] 1 test.
<end of output>
Test time =   0.00 sec
----------------------------------------------------------
Test Passed.
"AstQuantifiers.ForAllTrue" end time: Mar 21 00:16 CDT
"AstQuantifiers.ForAllTrue" time elapsed: 00:00:00
----------------------------------------------------------

22/26 Testing: AstQuantifiers.Exists
22/26 Test: AstQuantifiers.Exists
Command: "/Users/nhatminh/dev/active/logic/logic_execution_engine/build/run_tests" "--gtest_filter=AstQuantifiers.Exists" "--gtest_also_run_disabled_tests"
Directory: /Users/nhatminh/dev/active/logic/logic_execution_engine/build
"AstQuantifiers.Exists" start time: Mar 21 00:16 CDT
Output:
----------------------------------------------------------
Running main() from /tmp/googletest-20230121-34747-3923fy/googletest-1.13.0/googletest/src/gtest_main.cc
Note: Google Test filter = AstQuantifiers.Exists
[==========] Running 1 test from 1 test suite.
[----------] Global test environment set-up.
[----------] 1 test from AstQuantifiers
[ RUN      ] AstQuantifiers.Exists
[       OK ] AstQuantifiers.Exists (0 ms)
[----------] 1 test from AstQuantifiers (0 ms total)

[----------] Global test environment tear-down
[==========] 1 test from 1 test suite ran. (0 ms total)
[  PASSED  ] 1 test.
<end of output>
Test time =   0.00 sec
----------------------------------------------------------
Test Passed.
"AstQuantifiers.Exists" end time: Mar 21 00:16 CDT
"AstQuantifiers.Exists" time elapsed: 00:00:00
----------------------------------------------------------

23/26 Testing: Materialization.CreateEntity
23/26 Test: Materialization.CreateEntity
Command: "/Users/nhatminh/dev/active/logic/logic_execution_engine/build/run_tests" "--gtest_filter=Materialization.CreateEntity" "--gtest_also_run_disabled_tests"
Directory: /Users/nhatminh/dev/active/logic/logic_execution_engine/build
"Materialization.CreateEntity" start time: Mar 21 00:16 CDT
Output:
----------------------------------------------------------
Running main() from /tmp/googletest-20230121-34747-3923fy/googletest-1.13.0/googletest/src/gtest_main.cc
Note: Google Test filter = Materialization.CreateEntity
[==========] Running 1 test from 1 test suite.
[----------] Global test environment set-up.
[----------] 1 test from Materialization
[ RUN      ] Materialization.CreateEntity
[       OK ] Materialization.CreateEntity (0 ms)
[----------] 1 test from Materialization (0 ms total)

[----------] Global test environment tear-down
[==========] 1 test from 1 test suite ran. (0 ms total)
[  PASSED  ] 1 test.
<end of output>
Test time =   0.00 sec
----------------------------------------------------------
Test Passed.
"Materialization.CreateEntity" end time: Mar 21 00:16 CDT
"Materialization.CreateEntity" time elapsed: 00:00:00
----------------------------------------------------------

24/26 Testing: Materialization.CreateTuple
24/26 Test: Materialization.CreateTuple
Command: "/Users/nhatminh/dev/active/logic/logic_execution_engine/build/run_tests" "--gtest_filter=Materialization.CreateTuple" "--gtest_also_run_disabled_tests"
Directory: /Users/nhatminh/dev/active/logic/logic_execution_engine/build
"Materialization.CreateTuple" start time: Mar 21 00:16 CDT
Output:
----------------------------------------------------------
Running main() from /tmp/googletest-20230121-34747-3923fy/googletest-1.13.0/googletest/src/gtest_main.cc
Note: Google Test filter = Materialization.CreateTuple
[==========] Running 1 test from 1 test suite.
[----------] Global test environment set-up.
[----------] 1 test from Materialization
[ RUN      ] Materialization.CreateTuple
[       OK ] Materialization.CreateTuple (0 ms)
[----------] 1 test from Materialization (0 ms total)

[----------] Global test environment tear-down
[==========] 1 test from 1 test suite ran. (0 ms total)
[  PASSED  ] 1 test.
<end of output>
Test time =   0.00 sec
----------------------------------------------------------
Test Passed.
"Materialization.CreateTuple" end time: Mar 21 00:16 CDT
"Materialization.CreateTuple" time elapsed: 00:00:00
----------------------------------------------------------

25/26 Testing: Materialization.CreateSet
25/26 Test: Materialization.CreateSet
Command: "/Users/nhatminh/dev/active/logic/logic_execution_engine/build/run_tests" "--gtest_filter=Materialization.CreateSet" "--gtest_also_run_disabled_tests"
Directory: /Users/nhatminh/dev/active/logic/logic_execution_engine/build
"Materialization.CreateSet" start time: Mar 21 00:16 CDT
Output:
----------------------------------------------------------
Running main() from /tmp/googletest-20230121-34747-3923fy/googletest-1.13.0/googletest/src/gtest_main.cc
Note: Google Test filter = Materialization.CreateSet
[==========] Running 1 test from 1 test suite.
[----------] Global test environment set-up.
[----------] 1 test from Materialization
[ RUN      ] Materialization.CreateSet
[       OK ] Materialization.CreateSet (0 ms)
[----------] 1 test from Materialization (0 ms total)

[----------] Global test environment tear-down
[==========] 1 test from 1 test suite ran. (0 ms total)
[  PASSED  ] 1 test.
<end of output>
Test time =   0.00 sec
----------------------------------------------------------
Test Passed.
"Materialization.CreateSet" end time: Mar 21 00:16 CDT
"Materialization.CreateSet" time elapsed: 00:00:00
----------------------------------------------------------

26/26 Testing: Materialization.SuccessorPattern
26/26 Test: Materialization.SuccessorPattern
Command: "/Users/nhatminh/dev/active/logic/logic_execution_engine/build/run_tests" "--gtest_filter=Materialization.SuccessorPattern" "--gtest_also_run_disabled_tests"
Directory: /Users/nhatminh/dev/active/logic/logic_execution_engine/build
"Materialization.SuccessorPattern" start time: Mar 21 00:16 CDT
Output:
----------------------------------------------------------
Running main() from /tmp/googletest-20230121-34747-3923fy/googletest-1.13.0/googletest/src/gtest_main.cc
Note: Google Test filter = Materialization.SuccessorPattern
[==========] Running 1 test from 1 test suite.
[----------] Global test environment set-up.
[----------] 1 test from Materialization
[ RUN      ] Materialization.SuccessorPattern
[       OK ] Materialization.SuccessorPattern (0 ms)
[----------] 1 test from Materialization (0 ms total)

[----------] Global test environment tear-down
[==========] 1 test from 1 test suite ran. (0 ms total)
[  PASSED  ] 1 test.
<end of output>
Test time =   0.00 sec
----------------------------------------------------------
Test Passed.
"Materialization.SuccessorPattern" end time: Mar 21 00:16 CDT
"Materialization.SuccessorPattern" time elapsed: 00:00:00
----------------------------------------------------------

End testing: Mar 21 00:16 CDT
